E:\GITHUB\TUNNELMANAGE\TUNNELMANAGE\TUNNELMANAGE\DEBUG\TUNNELMANAGE.PCH
E:\GITHUB\TUNNELMANAGE\TUNNELMANAGE\TUNNELMANAGE\DEBUG\STDAFX.OBJ
E:\GITHUB\TUNNELMANAGE\TUNNELMANAGE\TUNNELMANAGE\DEBUG\VC110.PDB
E:\GITHUB\TUNNELMANAGE\TUNNELMANAGE\TUNNELMANAGE\DEBUG\BASE64.OBJ
E:\GITHUB\TUNNELMANAGE\TUNNELMANAGE\TUNNELMANAGE\DEBUG\CPUID.OBJ
E:\GITHUB\TUNNELMANAGE\TUNNELMANAGE\TUNNELMANAGE\DEBUG\DLLOUT.OBJ
E:\GITHUB\TUNNELMANAGE\TUNNELMANAGE\TUNNELMANAGE\DEBUG\MYAUTHORIZATION.OBJ
E:\GITHUB\TUNNELMANAGE\TUNNELMANAGE\TUNNELMANAGE\DEBUG\STRINGENCODE.OBJ
E:\GITHUB\TUNNELMANAGE\TUNNELMANAGE\TUNNELMANAGE\DEBUG\TUNNELMANAGE.OBJ
E:\GITHUB\TUNNELMANAGE\TUNNELMANAGE\TUNNELMANAGE\DEBUG\DLLMAIN.OBJ
E:\GITHUB\TUNNELMANAGE\TUNNELMANAGE\DEBUG\TUNNELMANAGE.ILK
E:\GITHUB\TUNNELMANAGE\TUNNELMANAGE\DEBUG\TUNNELMANAGE.DLL
E:\GITHUB\TUNNELMANAGE\TUNNELMANAGE\DEBUG\TUNNELMANAGE.PDB
E:\github\TunnelManage\TunnelManage\Debug\TunnelManage.lib
E:\github\TunnelManage\TunnelManage\Debug\TunnelManage.exp
E:\github\TunnelManage\TunnelManage\TunnelManage\Debug\base64.obj
E:\github\TunnelManage\TunnelManage\TunnelManage\Debug\CPUID.obj
E:\github\TunnelManage\TunnelManage\TunnelManage\Debug\dllmain.obj
E:\github\TunnelManage\TunnelManage\TunnelManage\Debug\DLLOUT.obj
E:\github\TunnelManage\TunnelManage\TunnelManage\Debug\MyAuthorization.obj
E:\github\TunnelManage\TunnelManage\TunnelManage\Debug\stdafx.obj
E:\github\TunnelManage\TunnelManage\TunnelManage\Debug\StringEncode.obj
E:\github\TunnelManage\TunnelManage\TunnelManage\Debug\TunnelManage.obj
E:\github\TunnelManage\TunnelManage\TunnelManage\Debug\cl.command.1.tlog
E:\github\TunnelManage\TunnelManage\TunnelManage\Debug\CL.read.1.tlog
E:\github\TunnelManage\TunnelManage\TunnelManage\Debug\CL.write.1.tlog
E:\github\TunnelManage\TunnelManage\TunnelManage\Debug\link-cvtres.read.1.tlog
E:\github\TunnelManage\TunnelManage\TunnelManage\Debug\link-cvtres.write.1.tlog
E:\github\TunnelManage\TunnelManage\TunnelManage\Debug\link-rc.read.1.tlog
E:\github\TunnelManage\TunnelManage\TunnelManage\Debug\link-rc.write.1.tlog
E:\github\TunnelManage\TunnelManage\TunnelManage\Debug\link.command.1.tlog
E:\github\TunnelManage\TunnelManage\TunnelManage\Debug\link.read.1.tlog
E:\github\TunnelManage\TunnelManage\TunnelManage\Debug\link.write.1.tlog
E:\github\TunnelManage\TunnelManage\TunnelManage\Debug\TunnelManage.write.1.tlog
E:\github\TunnelManage\TunnelManage\TunnelManage\Debug\TunnelManage.pch
E:\github\TunnelManage\TunnelManage\TunnelManage\Debug\vc110.idb
E:\github\TunnelManage\TunnelManage\TunnelManage\Debug\vc110.pdb
E:\github\TunnelManage\TunnelManage\Debug\TunnelManage.pdb
E:\github\TunnelManage\TunnelManage\Debug\TunnelManage.dll
E:\github\TunnelManage\TunnelManage\Debug\TunnelManage.ilk
