生成启动时间为 2015/12/31 9:13:41。
     1>项目“C:\Desktop\TunnelManage\TunnelManage\TunnelManage\TunnelManage.vcxproj”在节点 2 上(build 个目标)。
       项目文件包含 ToolsVersion="12.0" 设置，而此版本的 MSBuild 不支持该工具版本。该项目将视为包含 ToolsVersion="4.0" 设置。
     1>InitializeBuildStatus:
         正在创建“Debug\TunnelManage.unsuccessfulbuild”，因为已指定“AlwaysCreate”。
       ClCompile:
         所有输出均为最新。
         C:\Program Files\Microsoft Visual Studio 10.0\VC\bin\CL.exe /c /ZI /nologo /W3 /WX- /Od /Oy- /D WIN32 /D _DEBUG /D _WINDOWS /D _USRDLL /D TUNNELMANAGE_EXPORTS /D _WINDLL /D _UNICODE /D UNICODE /Gm /EHsc /RTC1 /MDd /GS /fp:precise /Zc:wchar_t /Zc:forScope /Yu"StdAfx.h" /Fp"Debug\TunnelManage.pch" /Fo"Debug\\" /Fd"Debug\vc100.pdb" /Gd /TP /analyze- /errorReport:prompt DLLOUT.cpp MyAuthorization.cpp
         MyAuthorization.cpp
     1>c:\desktop\tunnelmanage\tunnelmanage\tunnelmanage\myauthorization.cpp(23): warning C4996: 'mkdir': The POSIX name for this item is deprecated. Instead, use the ISO C++ conformant name: _mkdir. See online help for details.
                 c:\program files\microsoft visual studio 10.0\vc\include\direct.h(124) : 参见“mkdir”的声明
     1>c:\desktop\tunnelmanage\tunnelmanage\tunnelmanage\myauthorization.cpp(24): warning C4996: 'mkdir': The POSIX name for this item is deprecated. Instead, use the ISO C++ conformant name: _mkdir. See online help for details.
                 c:\program files\microsoft visual studio 10.0\vc\include\direct.h(124) : 参见“mkdir”的声明
     1>c:\desktop\tunnelmanage\tunnelmanage\tunnelmanage\myauthorization.cpp(30): warning C4996: 'mkdir': The POSIX name for this item is deprecated. Instead, use the ISO C++ conformant name: _mkdir. See online help for details.
                 c:\program files\microsoft visual studio 10.0\vc\include\direct.h(124) : 参见“mkdir”的声明
     1>c:\desktop\tunnelmanage\tunnelmanage\tunnelmanage\myauthorization.cpp(93): warning C4018: “<”: 有符号/无符号不匹配
     1>c:\desktop\tunnelmanage\tunnelmanage\tunnelmanage\myauthorization.cpp(99): warning C4018: “<”: 有符号/无符号不匹配
     1>c:\desktop\tunnelmanage\tunnelmanage\tunnelmanage\myauthorization.cpp(109): warning C4018: “<”: 有符号/无符号不匹配
         DLLOUT.cpp
     1>c:\desktop\tunnelmanage\tunnelmanage\tunnelmanage\tunnelmanage.cpp(60): warning C4101: “e”: 未引用的局部变量
     1>c:\desktop\tunnelmanage\tunnelmanage\tunnelmanage\tunnelmanage.cpp(103): warning C4018: “<”: 有符号/无符号不匹配
     1>c:\desktop\tunnelmanage\tunnelmanage\tunnelmanage\tunnelmanage.cpp(107): warning C4244: “=”: 从“unsigned int”转换到“float”，可能丢失数据
     1>c:\desktop\tunnelmanage\tunnelmanage\tunnelmanage\tunnelmanage.cpp(110): warning C4018: “<”: 有符号/无符号不匹配
     1>c:\desktop\tunnelmanage\tunnelmanage\tunnelmanage\tunnelmanage.cpp(156): warning C4244: “=”: 从“double”转换到“int”，可能丢失数据
     1>c:\desktop\tunnelmanage\tunnelmanage\tunnelmanage\tunnelmanage.cpp(175): warning C4018: “<”: 有符号/无符号不匹配
     1>c:\desktop\tunnelmanage\tunnelmanage\tunnelmanage\tunnelmanage.cpp(216): warning C4101: “e”: 未引用的局部变量
     1>c:\desktop\tunnelmanage\tunnelmanage\tunnelmanage\tunnelmanage.cpp(235): warning C4018: “<”: 有符号/无符号不匹配
     1>c:\desktop\tunnelmanage\tunnelmanage\tunnelmanage\tunnelmanage.cpp(239): warning C4018: “<”: 有符号/无符号不匹配
     1>c:\desktop\tunnelmanage\tunnelmanage\tunnelmanage\tunnelmanage.cpp(250): warning C4018: “<”: 有符号/无符号不匹配
     1>c:\desktop\tunnelmanage\tunnelmanage\tunnelmanage\tunnelmanage.cpp(254): warning C4018: “<”: 有符号/无符号不匹配
     1>c:\desktop\tunnelmanage\tunnelmanage\tunnelmanage\tunnelmanage.cpp(277): warning C4018: “<”: 有符号/无符号不匹配
     1>c:\desktop\tunnelmanage\tunnelmanage\tunnelmanage\tunnelmanage.cpp(283): warning C4018: “<”: 有符号/无符号不匹配
         正在生成代码...
         所有输出均为最新。
       ManifestResourceCompile:
         所有输出均为最新。
       Link:
         C:\Program Files\Microsoft Visual Studio 10.0\VC\bin\link.exe /ERRORREPORT:PROMPT /OUT:"C:\Desktop\TunnelManage\TunnelManage\TunnelManage\Debug\TunnelManage.dll" /INCREMENTAL /NOLOGO kernel32.lib user32.lib gdi32.lib winspool.lib comdlg32.lib advapi32.lib shell32.lib ole32.lib oleaut32.lib uuid.lib odbc32.lib odbccp32.lib /MANIFEST /ManifestFile:"Debug\TunnelManage.dll.intermediate.manifest" /MANIFESTUAC:"level='requireAdministrator' uiAccess='false'" /DEBUG /PDB:"C:\Desktop\TunnelManage\TunnelManage\TunnelManage\Debug\TunnelManage.pdb" /SUBSYSTEM:WINDOWS /TLBID:1 /DYNAMICBASE /NXCOMPAT /IMPLIB:"C:\Desktop\TunnelManage\TunnelManage\TunnelManage\Debug\TunnelManage.lib" /MACHINE:X86 /DLL Debug\TunnelManage.dll.embed.manifest.res
         Debug\base64.obj
         Debug\CPUID.obj
         Debug\DLLOUT.obj
         Debug\MyAuthorization.obj
         Debug\dllmain.obj
         Debug\stdafx.obj
         Debug\StringEncode.obj
         Debug\TunnelManage.obj
            正在创建库 C:\Desktop\TunnelManage\TunnelManage\TunnelManage\Debug\TunnelManage.lib 和对象 C:\Desktop\TunnelManage\TunnelManage\TunnelManage\Debug\TunnelManage.exp
       Manifest:
         C:\Program Files\Microsoft SDKs\Windows\v7.0A\bin\mt.exe /nologo /verbose /out:"Debug\TunnelManage.dll.embed.manifest" /manifest Debug\TunnelManage.dll.intermediate.manifest
         所有输出均为最新。
       LinkEmbedManifest:
         所有输出均为最新。
         TunnelManage.vcxproj -> C:\Desktop\TunnelManage\TunnelManage\TunnelManage\Debug\TunnelManage.dll
       FinalizeBuildStatus:
         正在删除文件“Debug\TunnelManage.unsuccessfulbuild”。
         正在对“Debug\TunnelManage.lastbuildstate”执行 Touch 任务。
     1>已完成生成项目“C:\Desktop\TunnelManage\TunnelManage\TunnelManage\TunnelManage.vcxproj”(build 个目标)的操作。

生成成功。

已用时间 00:00:03.91
