C:\DESKTOP\TUNNELMANAGE\TUNNELMANAGE\TUNNELMANAGE\RELEASE\BASE64.OBJ
C:\Desktop\TunnelManage\TunnelManage\TunnelManage\Release\cl.command.1.tlog
C:\Desktop\TunnelManage\TunnelManage\TunnelManage\Release\CL.read.1.tlog
C:\Desktop\TunnelManage\TunnelManage\TunnelManage\Release\CL.write.1.tlog
C:\DESKTOP\TUNNELMANAGE\TUNNELMANAGE\TUNNELMANAGE\RELEASE\CPUID.OBJ
C:\DESKTOP\TUNNELMANAGE\TUNNELMANAGE\TUNNELMANAGE\RELEASE\DLLMAIN.OBJ
C:\DESKTOP\TUNNELMANAGE\TUNNELMANAGE\TUNNELMANAGE\RELEASE\DLLOUT.OBJ
C:\Desktop\TunnelManage\TunnelManage\TunnelManage\Release\link.command.1.tlog
C:\Desktop\TunnelManage\TunnelManage\TunnelManage\Release\link.read.1.tlog
C:\Desktop\TunnelManage\TunnelManage\TunnelManage\Release\link.write.1.tlog
C:\Desktop\TunnelManage\TunnelManage\TunnelManage\Release\mt.command.1.tlog
C:\Desktop\TunnelManage\TunnelManage\TunnelManage\Release\mt.read.1.tlog
C:\Desktop\TunnelManage\TunnelManage\TunnelManage\Release\mt.write.1.tlog
C:\DESKTOP\TUNNELMANAGE\TUNNELMANAGE\TUNNELMANAGE\RELEASE\MYAUTHORIZATION.OBJ
C:\DESKTOP\TUNNELMANAGE\TUNNELMANAGE\TUNNELMANAGE\RELEASE\STDAFX.OBJ
C:\DESKTOP\TUNNELMANAGE\TUNNELMANAGE\TUNNELMANAGE\RELEASE\STRINGENCODE.OBJ
C:\DESKTOP\TUNNELMANAGE\TUNNELMANAGE\TUNNELMANAGE\RELEASE\TUNNELMANAGE.DLL
C:\DESKTOP\TUNNELMANAGE\TUNNELMANAGE\TUNNELMANAGE\RELEASE\TUNNELMANAGE.DLL.INTERMEDIATE.MANIFEST
C:\Desktop\TunnelManage\TunnelManage\TunnelManage\Release\TunnelManage.exp
C:\Desktop\TunnelManage\TunnelManage\TunnelManage\Release\TunnelManage.lib
C:\DESKTOP\TUNNELMANAGE\TUNNELMANAGE\TUNNELMANAGE\RELEASE\TUNNELMANAGE.OBJ
C:\DESKTOP\TUNNELMANAGE\TUNNELMANAGE\TUNNELMANAGE\RELEASE\TUNNELMANAGE.PCH
C:\DESKTOP\TUNNELMANAGE\TUNNELMANAGE\TUNNELMANAGE\RELEASE\TUNNELMANAGE.PDB
C:\Desktop\TunnelManage\TunnelManage\TunnelManage\Release\TunnelManage.write.1.tlog
C:\DESKTOP\TUNNELMANAGE\TUNNELMANAGE\TUNNELMANAGE\RELEASE\VC100.PDB
